error: 
    status - 500 
    message - ValidationError: "lastname" length must be at least 8 characters long 
    url - /api/user_registration/signup/signup 
    method - POST 
    IP - ::1
   {"timestamp":"2022-06-24T11:16:10.175Z"}
error: 
    status - 500 
    message - ValidationError: "lastname" length must be at least 8 characters long 
    url - /api/user_registration/signup/signup 
    method - POST 
    IP - ::1
   {"timestamp":"2022-06-24T11:18:08.551Z"}
error: 
    status - 500 
    message - ValidationError: "password" length must be at least 8 characters long 
    url - /api/v1/signup/signup 
    method - POST 
    IP - ::1
   {"timestamp":"2022-06-25T03:56:12.878Z"}
error: 
    status - 500 
    message - ValidationError: "password" length must be at least 8 characters long 
    url - /api/v1/signup/signup 
    method - POST 
    IP - ::1
   {"timestamp":"2022-06-25T03:56:55.852Z"}
error: 
    status - 500 
    message - ValidationError: "password" length must be at least 8 characters long 
    url - /api/v1/signup/signup 
    method - POST 
    IP - ::1
   {"timestamp":"2022-06-25T03:57:29.485Z"}
error: 
    status - 500 
    message - ReferenceError: bcrypt is not defined
    at _callee2$ (H:\NodeJS\FundooNotes\fundooNotes\src\services\/user.service.js:10:24)
    at tryCatch (H:\NodeJS\FundooNotes\fundooNotes\node_modules\@babel\runtime\helpers\regeneratorRuntime.js:86:17)
    at Generator._invoke (H:\NodeJS\FundooNotes\fundooNotes\node_modules\@babel\runtime\helpers\regeneratorRuntime.js:66:24)
    at Generator.next (H:\NodeJS\FundooNotes\fundooNotes\node_modules\@babel\runtime\helpers\regeneratorRuntime.js:117:21)
    at asyncGeneratorStep (H:\NodeJS\FundooNotes\fundooNotes\node_modules\@babel\runtime\helpers\asyncToGenerator.js:3:24)
    at _next (H:\NodeJS\FundooNotes\fundooNotes\node_modules\@babel\runtime\helpers\asyncToGenerator.js:25:9)
    at H:\NodeJS\FundooNotes\fundooNotes\node_modules\@babel\runtime\helpers\asyncToGenerator.js:32:7
    at new Promise (<anonymous>)
    at Object.<anonymous> (H:\NodeJS\FundooNotes\fundooNotes\node_modules\@babel\runtime\helpers\asyncToGenerator.js:21:12)
    at Object.newUser (H:\NodeJS\FundooNotes\fundooNotes\src\services\/user.service.js:10:21)
    at _callee3$ (H:\NodeJS\FundooNotes\fundooNotes\src\controllers\/user.controller.js:50:36)
    at tryCatch (H:\NodeJS\FundooNotes\fundooNotes\node_modules\@babel\runtime\helpers\regeneratorRuntime.js:86:17)
    at Generator._invoke (H:\NodeJS\FundooNotes\fundooNotes\node_modules\@babel\runtime\helpers\regeneratorRuntime.js:66:24)
    at Generator.next (H:\NodeJS\FundooNotes\fundooNotes\node_modules\@babel\runtime\helpers\regeneratorRuntime.js:117:21)
    at asyncGeneratorStep (H:\NodeJS\FundooNotes\fundooNotes\node_modules\@babel\runtime\helpers\asyncToGenerator.js:3:24)
    at _next (H:\NodeJS\FundooNotes\fundooNotes\node_modules\@babel\runtime\helpers\asyncToGenerator.js:25:9) 
    url - /api/v1/signup/signup 
    method - POST 
    IP - ::1
   {"timestamp":"2022-06-25T04:00:50.718Z"}
error: 
    status - 500 
    message - ReferenceError: bcrypt is not defined
    at _callee2$ (H:\NodeJS\FundooNotes\fundooNotes\src\services\/user.service.js:10:24)
    at tryCatch (H:\NodeJS\FundooNotes\fundooNotes\node_modules\@babel\runtime\helpers\regeneratorRuntime.js:86:17)
    at Generator._invoke (H:\NodeJS\FundooNotes\fundooNotes\node_modules\@babel\runtime\helpers\regeneratorRuntime.js:66:24)
    at Generator.next (H:\NodeJS\FundooNotes\fundooNotes\node_modules\@babel\runtime\helpers\regeneratorRuntime.js:117:21)
    at asyncGeneratorStep (H:\NodeJS\FundooNotes\fundooNotes\node_modules\@babel\runtime\helpers\asyncToGenerator.js:3:24)
    at _next (H:\NodeJS\FundooNotes\fundooNotes\node_modules\@babel\runtime\helpers\asyncToGenerator.js:25:9)
    at H:\NodeJS\FundooNotes\fundooNotes\node_modules\@babel\runtime\helpers\asyncToGenerator.js:32:7
    at new Promise (<anonymous>)
    at Object.<anonymous> (H:\NodeJS\FundooNotes\fundooNotes\node_modules\@babel\runtime\helpers\asyncToGenerator.js:21:12)
    at Object.newUser (H:\NodeJS\FundooNotes\fundooNotes\src\services\/user.service.js:10:21)
    at _callee3$ (H:\NodeJS\FundooNotes\fundooNotes\src\controllers\/user.controller.js:50:36)
    at tryCatch (H:\NodeJS\FundooNotes\fundooNotes\node_modules\@babel\runtime\helpers\regeneratorRuntime.js:86:17)
    at Generator._invoke (H:\NodeJS\FundooNotes\fundooNotes\node_modules\@babel\runtime\helpers\regeneratorRuntime.js:66:24)
    at Generator.next (H:\NodeJS\FundooNotes\fundooNotes\node_modules\@babel\runtime\helpers\regeneratorRuntime.js:117:21)
    at asyncGeneratorStep (H:\NodeJS\FundooNotes\fundooNotes\node_modules\@babel\runtime\helpers\asyncToGenerator.js:3:24)
    at _next (H:\NodeJS\FundooNotes\fundooNotes\node_modules\@babel\runtime\helpers\asyncToGenerator.js:25:9) 
    url - /api/v1/signup/signup 
    method - POST 
    IP - ::1
   {"timestamp":"2022-06-25T04:03:09.547Z"}
error: 
    status - 500 
    message - ReferenceError: bcrypt is not defined
    at _callee2$ (H:\NodeJS\FundooNotes\fundooNotes\src\services\/user.service.js:10:24)
    at tryCatch (H:\NodeJS\FundooNotes\fundooNotes\node_modules\@babel\runtime\helpers\regeneratorRuntime.js:86:17)
    at Generator._invoke (H:\NodeJS\FundooNotes\fundooNotes\node_modules\@babel\runtime\helpers\regeneratorRuntime.js:66:24)
    at Generator.next (H:\NodeJS\FundooNotes\fundooNotes\node_modules\@babel\runtime\helpers\regeneratorRuntime.js:117:21)
    at asyncGeneratorStep (H:\NodeJS\FundooNotes\fundooNotes\node_modules\@babel\runtime\helpers\asyncToGenerator.js:3:24)
    at _next (H:\NodeJS\FundooNotes\fundooNotes\node_modules\@babel\runtime\helpers\asyncToGenerator.js:25:9)
    at H:\NodeJS\FundooNotes\fundooNotes\node_modules\@babel\runtime\helpers\asyncToGenerator.js:32:7
    at new Promise (<anonymous>)
    at Object.<anonymous> (H:\NodeJS\FundooNotes\fundooNotes\node_modules\@babel\runtime\helpers\asyncToGenerator.js:21:12)
    at Object.newUser (H:\NodeJS\FundooNotes\fundooNotes\src\services\/user.service.js:10:21)
    at _callee3$ (H:\NodeJS\FundooNotes\fundooNotes\src\controllers\/user.controller.js:50:36)
    at tryCatch (H:\NodeJS\FundooNotes\fundooNotes\node_modules\@babel\runtime\helpers\regeneratorRuntime.js:86:17)
    at Generator._invoke (H:\NodeJS\FundooNotes\fundooNotes\node_modules\@babel\runtime\helpers\regeneratorRuntime.js:66:24)
    at Generator.next (H:\NodeJS\FundooNotes\fundooNotes\node_modules\@babel\runtime\helpers\regeneratorRuntime.js:117:21)
    at asyncGeneratorStep (H:\NodeJS\FundooNotes\fundooNotes\node_modules\@babel\runtime\helpers\asyncToGenerator.js:3:24)
    at _next (H:\NodeJS\FundooNotes\fundooNotes\node_modules\@babel\runtime\helpers\asyncToGenerator.js:25:9) 
    url - /api/v1/signup/signup 
    method - POST 
    IP - ::1
   {"timestamp":"2022-06-25T04:06:21.726Z"}
error: 
      status - 11000
      message - E11000 duplicate key error collection: UserDB.users index: email_1 dup key: { email: "kotharipayal@gmail.com" } 
      url - /api/v1/signup/signup 
      method - POST 
      IP - ::1
     {"timestamp":"2022-06-25T06:16:13.773Z"}
error: 
    status - 500 
    message - RangeError: Invalid status code: 11000
    at new NodeError (node:internal/errors:371:5)
    at ServerResponse.writeHead (node:_http_server:274:11)
    at ServerResponse.writeHead (H:\NodeJS\FundooNotes\fundooNotes\node_modules\on-headers\index.js:44:26)
    at ServerResponse._implicitHeader (node:_http_server:265:8)
    at write_ (node:_http_outgoing:766:9)
    at ServerResponse.end (node:_http_outgoing:855:5)
    at ServerResponse.send (H:\NodeJS\FundooNotes\fundooNotes\node_modules\express\lib\response.js:232:10)
    at ServerResponse.json (H:\NodeJS\FundooNotes\fundooNotes\node_modules\express\lib\response.js:278:15)
    at appErrorHandler (H:\NodeJS\FundooNotes\fundooNotes\src\middlewares\/error.middleware.js:36:26)
    at Layer.handle_error (H:\NodeJS\FundooNotes\fundooNotes\node_modules\express\lib\router\layer.js:71:5)
    at trim_prefix (H:\NodeJS\FundooNotes\fundooNotes\node_modules\express\lib\router\index.js:326:13)
    at H:\NodeJS\FundooNotes\fundooNotes\node_modules\express\lib\router\index.js:286:9
    at Function.process_params (H:\NodeJS\FundooNotes\fundooNotes\node_modules\express\lib\router\index.js:346:12)
    at Immediate.next (H:\NodeJS\FundooNotes\fundooNotes\node_modules\express\lib\router\index.js:280:10)
    at Immediate._onImmediate (H:\NodeJS\FundooNotes\fundooNotes\node_modules\express\lib\router\index.js:646:15)
    at processImmediate (node:internal/timers:468:21) 
    url - /api/v1/signup/signup 
    method - POST 
    IP - ::1
   {"timestamp":"2022-06-25T06:16:13.807Z"}
error: 
    status - 500 
    message - TypeError: UserService.userSignup is not a function
    at _callee3$ (H:\NodeJS\FundooNotes\fundooNotes\src\controllers\/user.controller.js:62:36)
    at tryCatch (H:\NodeJS\FundooNotes\fundooNotes\node_modules\@babel\runtime\helpers\regeneratorRuntime.js:86:17)
    at Generator._invoke (H:\NodeJS\FundooNotes\fundooNotes\node_modules\@babel\runtime\helpers\regeneratorRuntime.js:66:24)
    at Generator.next (H:\NodeJS\FundooNotes\fundooNotes\node_modules\@babel\runtime\helpers\regeneratorRuntime.js:117:21)
    at asyncGeneratorStep (H:\NodeJS\FundooNotes\fundooNotes\node_modules\@babel\runtime\helpers\asyncToGenerator.js:3:24)
    at _next (H:\NodeJS\FundooNotes\fundooNotes\node_modules\@babel\runtime\helpers\asyncToGenerator.js:25:9)
    at H:\NodeJS\FundooNotes\fundooNotes\node_modules\@babel\runtime\helpers\asyncToGenerator.js:32:7
    at new Promise (<anonymous>)
    at H:\NodeJS\FundooNotes\fundooNotes\node_modules\@babel\runtime\helpers\asyncToGenerator.js:21:12
    at userSignup (H:\NodeJS\FundooNotes\fundooNotes\src\controllers\/user.controller.js:60:24)
    at Layer.handle [as handle_request] (H:\NodeJS\FundooNotes\fundooNotes\node_modules\express\lib\router\layer.js:95:5)
    at next (H:\NodeJS\FundooNotes\fundooNotes\node_modules\express\lib\router\route.js:144:13)
    at newUserValidator (H:\NodeJS\FundooNotes\fundooNotes\src\validators\/user.validator.js:15:5)
    at Layer.handle [as handle_request] (H:\NodeJS\FundooNotes\fundooNotes\node_modules\express\lib\router\layer.js:95:5)
    at next (H:\NodeJS\FundooNotes\fundooNotes\node_modules\express\lib\router\route.js:144:13)
    at Route.dispatch (H:\NodeJS\FundooNotes\fundooNotes\node_modules\express\lib\router\route.js:114:3) 
    url - /api/v1/signup/signup 
    method - POST 
    IP - ::1
   {"timestamp":"2022-06-25T17:40:07.367Z"}
error: 
    status - 500 
    message - TypeError: UserService.userSignup is not a function
    at _callee3$ (H:\NodeJS\FundooNotes\fundooNotes\src\controllers\/user.controller.js:62:36)
    at tryCatch (H:\NodeJS\FundooNotes\fundooNotes\node_modules\@babel\runtime\helpers\regeneratorRuntime.js:86:17)
    at Generator._invoke (H:\NodeJS\FundooNotes\fundooNotes\node_modules\@babel\runtime\helpers\regeneratorRuntime.js:66:24)
    at Generator.next (H:\NodeJS\FundooNotes\fundooNotes\node_modules\@babel\runtime\helpers\regeneratorRuntime.js:117:21)
    at asyncGeneratorStep (H:\NodeJS\FundooNotes\fundooNotes\node_modules\@babel\runtime\helpers\asyncToGenerator.js:3:24)
    at _next (H:\NodeJS\FundooNotes\fundooNotes\node_modules\@babel\runtime\helpers\asyncToGenerator.js:25:9)
    at H:\NodeJS\FundooNotes\fundooNotes\node_modules\@babel\runtime\helpers\asyncToGenerator.js:32:7
    at new Promise (<anonymous>)
    at H:\NodeJS\FundooNotes\fundooNotes\node_modules\@babel\runtime\helpers\asyncToGenerator.js:21:12
    at userSignup (H:\NodeJS\FundooNotes\fundooNotes\src\controllers\/user.controller.js:60:24)
    at Layer.handle [as handle_request] (H:\NodeJS\FundooNotes\fundooNotes\node_modules\express\lib\router\layer.js:95:5)
    at next (H:\NodeJS\FundooNotes\fundooNotes\node_modules\express\lib\router\route.js:144:13)
    at newUserValidator (H:\NodeJS\FundooNotes\fundooNotes\src\validators\/user.validator.js:15:5)
    at Layer.handle [as handle_request] (H:\NodeJS\FundooNotes\fundooNotes\node_modules\express\lib\router\layer.js:95:5)
    at next (H:\NodeJS\FundooNotes\fundooNotes\node_modules\express\lib\router\route.js:144:13)
    at Route.dispatch (H:\NodeJS\FundooNotes\fundooNotes\node_modules\express\lib\router\route.js:114:3) 
    url - /api/v1/signup 
    method - POST 
    IP - ::1
   {"timestamp":"2022-06-25T17:48:23.405Z"}
error: 
    status - 500 
    message - TypeError: UserService.userSignup is not a function
    at _callee3$ (H:\NodeJS\FundooNotes\fundooNotes\src\controllers\/user.controller.js:62:36)
    at tryCatch (H:\NodeJS\FundooNotes\fundooNotes\node_modules\@babel\runtime\helpers\regeneratorRuntime.js:86:17)
    at Generator._invoke (H:\NodeJS\FundooNotes\fundooNotes\node_modules\@babel\runtime\helpers\regeneratorRuntime.js:66:24)
    at Generator.next (H:\NodeJS\FundooNotes\fundooNotes\node_modules\@babel\runtime\helpers\regeneratorRuntime.js:117:21)
    at asyncGeneratorStep (H:\NodeJS\FundooNotes\fundooNotes\node_modules\@babel\runtime\helpers\asyncToGenerator.js:3:24)
    at _next (H:\NodeJS\FundooNotes\fundooNotes\node_modules\@babel\runtime\helpers\asyncToGenerator.js:25:9)
    at H:\NodeJS\FundooNotes\fundooNotes\node_modules\@babel\runtime\helpers\asyncToGenerator.js:32:7
    at new Promise (<anonymous>)
    at H:\NodeJS\FundooNotes\fundooNotes\node_modules\@babel\runtime\helpers\asyncToGenerator.js:21:12
    at userSignup (H:\NodeJS\FundooNotes\fundooNotes\src\controllers\/user.controller.js:60:24)
    at Layer.handle [as handle_request] (H:\NodeJS\FundooNotes\fundooNotes\node_modules\express\lib\router\layer.js:95:5)
    at next (H:\NodeJS\FundooNotes\fundooNotes\node_modules\express\lib\router\route.js:144:13)
    at newUserValidator (H:\NodeJS\FundooNotes\fundooNotes\src\validators\/user.validator.js:15:5)
    at Layer.handle [as handle_request] (H:\NodeJS\FundooNotes\fundooNotes\node_modules\express\lib\router\layer.js:95:5)
    at next (H:\NodeJS\FundooNotes\fundooNotes\node_modules\express\lib\router\route.js:144:13)
    at Route.dispatch (H:\NodeJS\FundooNotes\fundooNotes\node_modules\express\lib\router\route.js:114:3) 
    url - /api/v1/signup/signup 
    method - POST 
    IP - ::1
   {"timestamp":"2022-06-25T17:56:11.927Z"}
error: uncaughtException: listen EADDRINUSE: address already in use :::5000
Error: listen EADDRINUSE: address already in use :::5000
    at Server.setupListenHandle [as _listen2] (node:net:1330:16)
    at listenInCluster (node:net:1378:12)
    at Server.listen (node:net:1465:7)
    at Function.listen (H:\NodeJS\FundooNotes\fundooNotes\node_modules\express\lib\application.js:635:24)
    at Object.<anonymous> (H:\NodeJS\FundooNotes\fundooNotes\src\/index.js:37:5)
    at Module._compile (node:internal/modules/cjs/loader:1103:14)
    at Module._compile (H:\NodeJS\FundooNotes\fundooNotes\node_modules\pirates\lib\index.js:136:24)
    at Module._extensions..js (node:internal/modules/cjs/loader:1157:10)
    at Object.newLoader [as .js] (H:\NodeJS\FundooNotes\fundooNotes\node_modules\pirates\lib\index.js:141:7)
    at Module.load (node:internal/modules/cjs/loader:981:32)
    at Function.Module._load (node:internal/modules/cjs/loader:822:12)
    at Function.executeUserEntryPoint [as runMain] (node:internal/modules/run_main:77:12)
    at Object.<anonymous> (H:\NodeJS\FundooNotes\fundooNotes\node_modules\@babel\node\lib\_babel-node.js:176:21)
    at Module._compile (node:internal/modules/cjs/loader:1103:14)
    at Object.Module._extensions..js (node:internal/modules/cjs/loader:1157:10)
    at Module.load (node:internal/modules/cjs/loader:981:32) {"date":"Mon Jun 27 2022 13:50:11 GMT+0530 (India Standard Time)","error":{"address":"::","code":"EADDRINUSE","errno":-4091,"port":5000,"syscall":"listen"},"exception":true,"os":{"loadavg":[0,0,0],"uptime":689867},"process":{"argv":["node","H:\\NodeJS\\FundooNotes\\fundooNotes\\src\\index.js"],"cwd":"H:\\NodeJS\\FundooNotes\\fundooNotes","execPath":"C:\\Program Files\\nodejs\\node.exe","gid":null,"memoryUsage":{"arrayBuffers":19081937,"external":23124698,"heapTotal":82305024,"heapUsed":49460000,"rss":115855360},"pid":10712,"uid":null,"version":"v16.14.2"},"stack":"Error: listen EADDRINUSE: address already in use :::5000\n    at Server.setupListenHandle [as _listen2] (node:net:1330:16)\n    at listenInCluster (node:net:1378:12)\n    at Server.listen (node:net:1465:7)\n    at Function.listen (H:\\NodeJS\\FundooNotes\\fundooNotes\\node_modules\\express\\lib\\application.js:635:24)\n    at Object.<anonymous> (H:\\NodeJS\\FundooNotes\\fundooNotes\\src\\/index.js:37:5)\n    at Module._compile (node:internal/modules/cjs/loader:1103:14)\n    at Module._compile (H:\\NodeJS\\FundooNotes\\fundooNotes\\node_modules\\pirates\\lib\\index.js:136:24)\n    at Module._extensions..js (node:internal/modules/cjs/loader:1157:10)\n    at Object.newLoader [as .js] (H:\\NodeJS\\FundooNotes\\fundooNotes\\node_modules\\pirates\\lib\\index.js:141:7)\n    at Module.load (node:internal/modules/cjs/loader:981:32)\n    at Function.Module._load (node:internal/modules/cjs/loader:822:12)\n    at Function.executeUserEntryPoint [as runMain] (node:internal/modules/run_main:77:12)\n    at Object.<anonymous> (H:\\NodeJS\\FundooNotes\\fundooNotes\\node_modules\\@babel\\node\\lib\\_babel-node.js:176:21)\n    at Module._compile (node:internal/modules/cjs/loader:1103:14)\n    at Object.Module._extensions..js (node:internal/modules/cjs/loader:1157:10)\n    at Module.load (node:internal/modules/cjs/loader:981:32)","timestamp":"2022-06-27T08:20:12.031Z","trace":[{"column":16,"file":"node:net","function":"Server.setupListenHandle [as _listen2]","line":1330,"method":"setupListenHandle [as _listen2]","native":false},{"column":12,"file":"node:net","function":"listenInCluster","line":1378,"method":null,"native":false},{"column":7,"file":"node:net","function":"Server.listen","line":1465,"method":"listen","native":false},{"column":24,"file":"H:\\NodeJS\\FundooNotes\\fundooNotes\\node_modules\\express\\lib\\application.js","function":"Function.listen","line":635,"method":"listen","native":false},{"column":5,"file":"H:\\NodeJS\\FundooNotes\\fundooNotes\\src\\/index.js","function":null,"line":37,"method":null,"native":false},{"column":14,"file":"node:internal/modules/cjs/loader","function":"Module._compile","line":1103,"method":"_compile","native":false},{"column":24,"file":"H:\\NodeJS\\FundooNotes\\fundooNotes\\node_modules\\pirates\\lib\\index.js","function":"Module._compile","line":136,"method":"_compile","native":false},{"column":10,"file":"node:internal/modules/cjs/loader","function":"Module._extensions..js","line":1157,"method":".js","native":false},{"column":7,"file":"H:\\NodeJS\\FundooNotes\\fundooNotes\\node_modules\\pirates\\lib\\index.js","function":"Object.newLoader [as .js]","line":141,"method":"js]","native":false},{"column":32,"file":"node:internal/modules/cjs/loader","function":"Module.load","line":981,"method":"load","native":false},{"column":12,"file":"node:internal/modules/cjs/loader","function":"Module._load","line":822,"method":"_load","native":false},{"column":12,"file":"node:internal/modules/run_main","function":"Function.executeUserEntryPoint [as runMain]","line":77,"method":"executeUserEntryPoint [as runMain]","native":false},{"column":21,"file":"H:\\NodeJS\\FundooNotes\\fundooNotes\\node_modules\\@babel\\node\\lib\\_babel-node.js","function":null,"line":176,"method":null,"native":false},{"column":14,"file":"node:internal/modules/cjs/loader","function":"Module._compile","line":1103,"method":"_compile","native":false},{"column":10,"file":"node:internal/modules/cjs/loader","function":"Module._extensions..js","line":1157,"method":".js","native":false},{"column":32,"file":"node:internal/modules/cjs/loader","function":"Module.load","line":981,"method":"load","native":false}]}
error: uncaughtException: listen EADDRINUSE: address already in use :::5000
Error: listen EADDRINUSE: address already in use :::5000
    at Server.setupListenHandle [as _listen2] (node:net:1330:16)
    at listenInCluster (node:net:1378:12)
    at Server.listen (node:net:1465:7)
    at Function.listen (H:\NodeJS\FundooNotes\fundooNotes\node_modules\express\lib\application.js:635:24)
    at Object.<anonymous> (H:\NodeJS\FundooNotes\fundooNotes\src\/index.js:37:5)
    at Module._compile (node:internal/modules/cjs/loader:1103:14)
    at Module._compile (H:\NodeJS\FundooNotes\fundooNotes\node_modules\pirates\lib\index.js:136:24)
    at Module._extensions..js (node:internal/modules/cjs/loader:1157:10)
    at Object.newLoader [as .js] (H:\NodeJS\FundooNotes\fundooNotes\node_modules\pirates\lib\index.js:141:7)
    at Module.load (node:internal/modules/cjs/loader:981:32)
    at Function.Module._load (node:internal/modules/cjs/loader:822:12)
    at Function.executeUserEntryPoint [as runMain] (node:internal/modules/run_main:77:12)
    at Object.<anonymous> (H:\NodeJS\FundooNotes\fundooNotes\node_modules\@babel\node\lib\_babel-node.js:176:21)
    at Module._compile (node:internal/modules/cjs/loader:1103:14)
    at Object.Module._extensions..js (node:internal/modules/cjs/loader:1157:10)
    at Module.load (node:internal/modules/cjs/loader:981:32) {"date":"Mon Jun 27 2022 13:50:20 GMT+0530 (India Standard Time)","error":{"address":"::","code":"EADDRINUSE","errno":-4091,"port":5000,"syscall":"listen"},"exception":true,"os":{"loadavg":[0,0,0],"uptime":689875},"process":{"argv":["node","H:\\NodeJS\\FundooNotes\\fundooNotes\\src\\index.js"],"cwd":"H:\\NodeJS\\FundooNotes\\fundooNotes","execPath":"C:\\Program Files\\nodejs\\node.exe","gid":null,"memoryUsage":{"arrayBuffers":19081937,"external":23124698,"heapTotal":82042880,"heapUsed":49568848,"rss":115482624},"pid":16660,"uid":null,"version":"v16.14.2"},"stack":"Error: listen EADDRINUSE: address already in use :::5000\n    at Server.setupListenHandle [as _listen2] (node:net:1330:16)\n    at listenInCluster (node:net:1378:12)\n    at Server.listen (node:net:1465:7)\n    at Function.listen (H:\\NodeJS\\FundooNotes\\fundooNotes\\node_modules\\express\\lib\\application.js:635:24)\n    at Object.<anonymous> (H:\\NodeJS\\FundooNotes\\fundooNotes\\src\\/index.js:37:5)\n    at Module._compile (node:internal/modules/cjs/loader:1103:14)\n    at Module._compile (H:\\NodeJS\\FundooNotes\\fundooNotes\\node_modules\\pirates\\lib\\index.js:136:24)\n    at Module._extensions..js (node:internal/modules/cjs/loader:1157:10)\n    at Object.newLoader [as .js] (H:\\NodeJS\\FundooNotes\\fundooNotes\\node_modules\\pirates\\lib\\index.js:141:7)\n    at Module.load (node:internal/modules/cjs/loader:981:32)\n    at Function.Module._load (node:internal/modules/cjs/loader:822:12)\n    at Function.executeUserEntryPoint [as runMain] (node:internal/modules/run_main:77:12)\n    at Object.<anonymous> (H:\\NodeJS\\FundooNotes\\fundooNotes\\node_modules\\@babel\\node\\lib\\_babel-node.js:176:21)\n    at Module._compile (node:internal/modules/cjs/loader:1103:14)\n    at Object.Module._extensions..js (node:internal/modules/cjs/loader:1157:10)\n    at Module.load (node:internal/modules/cjs/loader:981:32)","timestamp":"2022-06-27T08:20:20.124Z","trace":[{"column":16,"file":"node:net","function":"Server.setupListenHandle [as _listen2]","line":1330,"method":"setupListenHandle [as _listen2]","native":false},{"column":12,"file":"node:net","function":"listenInCluster","line":1378,"method":null,"native":false},{"column":7,"file":"node:net","function":"Server.listen","line":1465,"method":"listen","native":false},{"column":24,"file":"H:\\NodeJS\\FundooNotes\\fundooNotes\\node_modules\\express\\lib\\application.js","function":"Function.listen","line":635,"method":"listen","native":false},{"column":5,"file":"H:\\NodeJS\\FundooNotes\\fundooNotes\\src\\/index.js","function":null,"line":37,"method":null,"native":false},{"column":14,"file":"node:internal/modules/cjs/loader","function":"Module._compile","line":1103,"method":"_compile","native":false},{"column":24,"file":"H:\\NodeJS\\FundooNotes\\fundooNotes\\node_modules\\pirates\\lib\\index.js","function":"Module._compile","line":136,"method":"_compile","native":false},{"column":10,"file":"node:internal/modules/cjs/loader","function":"Module._extensions..js","line":1157,"method":".js","native":false},{"column":7,"file":"H:\\NodeJS\\FundooNotes\\fundooNotes\\node_modules\\pirates\\lib\\index.js","function":"Object.newLoader [as .js]","line":141,"method":"js]","native":false},{"column":32,"file":"node:internal/modules/cjs/loader","function":"Module.load","line":981,"method":"load","native":false},{"column":12,"file":"node:internal/modules/cjs/loader","function":"Module._load","line":822,"method":"_load","native":false},{"column":12,"file":"node:internal/modules/run_main","function":"Function.executeUserEntryPoint [as runMain]","line":77,"method":"executeUserEntryPoint [as runMain]","native":false},{"column":21,"file":"H:\\NodeJS\\FundooNotes\\fundooNotes\\node_modules\\@babel\\node\\lib\\_babel-node.js","function":null,"line":176,"method":null,"native":false},{"column":14,"file":"node:internal/modules/cjs/loader","function":"Module._compile","line":1103,"method":"_compile","native":false},{"column":10,"file":"node:internal/modules/cjs/loader","function":"Module._extensions..js","line":1157,"method":".js","native":false},{"column":32,"file":"node:internal/modules/cjs/loader","function":"Module.load","line":981,"method":"load","native":false}]}
error: uncaughtException: listen EADDRINUSE: address already in use :::5000
Error: listen EADDRINUSE: address already in use :::5000
    at Server.setupListenHandle [as _listen2] (node:net:1330:16)
    at listenInCluster (node:net:1378:12)
    at Server.listen (node:net:1465:7)
    at Function.listen (H:\NodeJS\FundooNotes\fundooNotes\node_modules\express\lib\application.js:635:24)
    at Object.<anonymous> (H:\NodeJS\FundooNotes\fundooNotes\src\/index.js:37:5)
    at Module._compile (node:internal/modules/cjs/loader:1103:14)
    at Module._compile (H:\NodeJS\FundooNotes\fundooNotes\node_modules\pirates\lib\index.js:136:24)
    at Module._extensions..js (node:internal/modules/cjs/loader:1157:10)
    at Object.newLoader [as .js] (H:\NodeJS\FundooNotes\fundooNotes\node_modules\pirates\lib\index.js:141:7)
    at Module.load (node:internal/modules/cjs/loader:981:32)
    at Function.Module._load (node:internal/modules/cjs/loader:822:12)
    at Function.executeUserEntryPoint [as runMain] (node:internal/modules/run_main:77:12)
    at Object.<anonymous> (H:\NodeJS\FundooNotes\fundooNotes\node_modules\@babel\node\lib\_babel-node.js:176:21)
    at Module._compile (node:internal/modules/cjs/loader:1103:14)
    at Object.Module._extensions..js (node:internal/modules/cjs/loader:1157:10)
    at Module.load (node:internal/modules/cjs/loader:981:32) {"date":"Mon Jun 27 2022 13:50:38 GMT+0530 (India Standard Time)","error":{"address":"::","code":"EADDRINUSE","errno":-4091,"port":5000,"syscall":"listen"},"exception":true,"os":{"loadavg":[0,0,0],"uptime":689893},"process":{"argv":["node","H:\\NodeJS\\FundooNotes\\fundooNotes\\src\\index.js"],"cwd":"H:\\NodeJS\\FundooNotes\\fundooNotes","execPath":"C:\\Program Files\\nodejs\\node.exe","gid":null,"memoryUsage":{"arrayBuffers":19020467,"external":23161291,"heapTotal":82038784,"heapUsed":49830864,"rss":115523584},"pid":5988,"uid":null,"version":"v16.14.2"},"stack":"Error: listen EADDRINUSE: address already in use :::5000\n    at Server.setupListenHandle [as _listen2] (node:net:1330:16)\n    at listenInCluster (node:net:1378:12)\n    at Server.listen (node:net:1465:7)\n    at Function.listen (H:\\NodeJS\\FundooNotes\\fundooNotes\\node_modules\\express\\lib\\application.js:635:24)\n    at Object.<anonymous> (H:\\NodeJS\\FundooNotes\\fundooNotes\\src\\/index.js:37:5)\n    at Module._compile (node:internal/modules/cjs/loader:1103:14)\n    at Module._compile (H:\\NodeJS\\FundooNotes\\fundooNotes\\node_modules\\pirates\\lib\\index.js:136:24)\n    at Module._extensions..js (node:internal/modules/cjs/loader:1157:10)\n    at Object.newLoader [as .js] (H:\\NodeJS\\FundooNotes\\fundooNotes\\node_modules\\pirates\\lib\\index.js:141:7)\n    at Module.load (node:internal/modules/cjs/loader:981:32)\n    at Function.Module._load (node:internal/modules/cjs/loader:822:12)\n    at Function.executeUserEntryPoint [as runMain] (node:internal/modules/run_main:77:12)\n    at Object.<anonymous> (H:\\NodeJS\\FundooNotes\\fundooNotes\\node_modules\\@babel\\node\\lib\\_babel-node.js:176:21)\n    at Module._compile (node:internal/modules/cjs/loader:1103:14)\n    at Object.Module._extensions..js (node:internal/modules/cjs/loader:1157:10)\n    at Module.load (node:internal/modules/cjs/loader:981:32)","timestamp":"2022-06-27T08:20:38.757Z","trace":[{"column":16,"file":"node:net","function":"Server.setupListenHandle [as _listen2]","line":1330,"method":"setupListenHandle [as _listen2]","native":false},{"column":12,"file":"node:net","function":"listenInCluster","line":1378,"method":null,"native":false},{"column":7,"file":"node:net","function":"Server.listen","line":1465,"method":"listen","native":false},{"column":24,"file":"H:\\NodeJS\\FundooNotes\\fundooNotes\\node_modules\\express\\lib\\application.js","function":"Function.listen","line":635,"method":"listen","native":false},{"column":5,"file":"H:\\NodeJS\\FundooNotes\\fundooNotes\\src\\/index.js","function":null,"line":37,"method":null,"native":false},{"column":14,"file":"node:internal/modules/cjs/loader","function":"Module._compile","line":1103,"method":"_compile","native":false},{"column":24,"file":"H:\\NodeJS\\FundooNotes\\fundooNotes\\node_modules\\pirates\\lib\\index.js","function":"Module._compile","line":136,"method":"_compile","native":false},{"column":10,"file":"node:internal/modules/cjs/loader","function":"Module._extensions..js","line":1157,"method":".js","native":false},{"column":7,"file":"H:\\NodeJS\\FundooNotes\\fundooNotes\\node_modules\\pirates\\lib\\index.js","function":"Object.newLoader [as .js]","line":141,"method":"js]","native":false},{"column":32,"file":"node:internal/modules/cjs/loader","function":"Module.load","line":981,"method":"load","native":false},{"column":12,"file":"node:internal/modules/cjs/loader","function":"Module._load","line":822,"method":"_load","native":false},{"column":12,"file":"node:internal/modules/run_main","function":"Function.executeUserEntryPoint [as runMain]","line":77,"method":"executeUserEntryPoint [as runMain]","native":false},{"column":21,"file":"H:\\NodeJS\\FundooNotes\\fundooNotes\\node_modules\\@babel\\node\\lib\\_babel-node.js","function":null,"line":176,"method":null,"native":false},{"column":14,"file":"node:internal/modules/cjs/loader","function":"Module._compile","line":1103,"method":"_compile","native":false},{"column":10,"file":"node:internal/modules/cjs/loader","function":"Module._extensions..js","line":1157,"method":".js","native":false},{"column":32,"file":"node:internal/modules/cjs/loader","function":"Module.load","line":981,"method":"load","native":false}]}
error: uncaughtException: listen EADDRINUSE: address already in use :::5000
Error: listen EADDRINUSE: address already in use :::5000
    at Server.setupListenHandle [as _listen2] (node:net:1330:16)
    at listenInCluster (node:net:1378:12)
    at Server.listen (node:net:1465:7)
    at Function.listen (H:\NodeJS\FundooNotes\fundooNotes\node_modules\express\lib\application.js:635:24)
    at Object.<anonymous> (H:\NodeJS\FundooNotes\fundooNotes\src\/index.js:37:5)
    at Module._compile (node:internal/modules/cjs/loader:1103:14)
    at Module._compile (H:\NodeJS\FundooNotes\fundooNotes\node_modules\pirates\lib\index.js:136:24)
    at Module._extensions..js (node:internal/modules/cjs/loader:1157:10)
    at Object.newLoader [as .js] (H:\NodeJS\FundooNotes\fundooNotes\node_modules\pirates\lib\index.js:141:7)
    at Module.load (node:internal/modules/cjs/loader:981:32)
    at Function.Module._load (node:internal/modules/cjs/loader:822:12)
    at Function.executeUserEntryPoint [as runMain] (node:internal/modules/run_main:77:12)
    at Object.<anonymous> (H:\NodeJS\FundooNotes\fundooNotes\node_modules\@babel\node\lib\_babel-node.js:176:21)
    at Module._compile (node:internal/modules/cjs/loader:1103:14)
    at Object.Module._extensions..js (node:internal/modules/cjs/loader:1157:10)
    at Module.load (node:internal/modules/cjs/loader:981:32) {"date":"Mon Jun 27 2022 13:50:46 GMT+0530 (India Standard Time)","error":{"address":"::","code":"EADDRINUSE","errno":-4091,"port":5000,"syscall":"listen"},"exception":true,"os":{"loadavg":[0,0,0],"uptime":689901},"process":{"argv":["node","H:\\NodeJS\\FundooNotes\\fundooNotes\\src\\index.js"],"cwd":"H:\\NodeJS\\FundooNotes\\fundooNotes","execPath":"C:\\Program Files\\nodejs\\node.exe","gid":null,"memoryUsage":{"arrayBuffers":19335158,"external":22117449,"heapTotal":81268736,"heapUsed":51964880,"rss":113086464},"pid":8780,"uid":null,"version":"v16.14.2"},"stack":"Error: listen EADDRINUSE: address already in use :::5000\n    at Server.setupListenHandle [as _listen2] (node:net:1330:16)\n    at listenInCluster (node:net:1378:12)\n    at Server.listen (node:net:1465:7)\n    at Function.listen (H:\\NodeJS\\FundooNotes\\fundooNotes\\node_modules\\express\\lib\\application.js:635:24)\n    at Object.<anonymous> (H:\\NodeJS\\FundooNotes\\fundooNotes\\src\\/index.js:37:5)\n    at Module._compile (node:internal/modules/cjs/loader:1103:14)\n    at Module._compile (H:\\NodeJS\\FundooNotes\\fundooNotes\\node_modules\\pirates\\lib\\index.js:136:24)\n    at Module._extensions..js (node:internal/modules/cjs/loader:1157:10)\n    at Object.newLoader [as .js] (H:\\NodeJS\\FundooNotes\\fundooNotes\\node_modules\\pirates\\lib\\index.js:141:7)\n    at Module.load (node:internal/modules/cjs/loader:981:32)\n    at Function.Module._load (node:internal/modules/cjs/loader:822:12)\n    at Function.executeUserEntryPoint [as runMain] (node:internal/modules/run_main:77:12)\n    at Object.<anonymous> (H:\\NodeJS\\FundooNotes\\fundooNotes\\node_modules\\@babel\\node\\lib\\_babel-node.js:176:21)\n    at Module._compile (node:internal/modules/cjs/loader:1103:14)\n    at Object.Module._extensions..js (node:internal/modules/cjs/loader:1157:10)\n    at Module.load (node:internal/modules/cjs/loader:981:32)","timestamp":"2022-06-27T08:20:46.364Z","trace":[{"column":16,"file":"node:net","function":"Server.setupListenHandle [as _listen2]","line":1330,"method":"setupListenHandle [as _listen2]","native":false},{"column":12,"file":"node:net","function":"listenInCluster","line":1378,"method":null,"native":false},{"column":7,"file":"node:net","function":"Server.listen","line":1465,"method":"listen","native":false},{"column":24,"file":"H:\\NodeJS\\FundooNotes\\fundooNotes\\node_modules\\express\\lib\\application.js","function":"Function.listen","line":635,"method":"listen","native":false},{"column":5,"file":"H:\\NodeJS\\FundooNotes\\fundooNotes\\src\\/index.js","function":null,"line":37,"method":null,"native":false},{"column":14,"file":"node:internal/modules/cjs/loader","function":"Module._compile","line":1103,"method":"_compile","native":false},{"column":24,"file":"H:\\NodeJS\\FundooNotes\\fundooNotes\\node_modules\\pirates\\lib\\index.js","function":"Module._compile","line":136,"method":"_compile","native":false},{"column":10,"file":"node:internal/modules/cjs/loader","function":"Module._extensions..js","line":1157,"method":".js","native":false},{"column":7,"file":"H:\\NodeJS\\FundooNotes\\fundooNotes\\node_modules\\pirates\\lib\\index.js","function":"Object.newLoader [as .js]","line":141,"method":"js]","native":false},{"column":32,"file":"node:internal/modules/cjs/loader","function":"Module.load","line":981,"method":"load","native":false},{"column":12,"file":"node:internal/modules/cjs/loader","function":"Module._load","line":822,"method":"_load","native":false},{"column":12,"file":"node:internal/modules/run_main","function":"Function.executeUserEntryPoint [as runMain]","line":77,"method":"executeUserEntryPoint [as runMain]","native":false},{"column":21,"file":"H:\\NodeJS\\FundooNotes\\fundooNotes\\node_modules\\@babel\\node\\lib\\_babel-node.js","function":null,"line":176,"method":null,"native":false},{"column":14,"file":"node:internal/modules/cjs/loader","function":"Module._compile","line":1103,"method":"_compile","native":false},{"column":10,"file":"node:internal/modules/cjs/loader","function":"Module._extensions..js","line":1157,"method":".js","native":false},{"column":32,"file":"node:internal/modules/cjs/loader","function":"Module.load","line":981,"method":"load","native":false}]}
error: uncaughtException: listen EADDRINUSE: address already in use :::5000
Error: listen EADDRINUSE: address already in use :::5000
    at Server.setupListenHandle [as _listen2] (node:net:1330:16)
    at listenInCluster (node:net:1378:12)
    at Server.listen (node:net:1465:7)
    at Function.listen (H:\NodeJS\FundooNotes\fundooNotes\node_modules\express\lib\application.js:635:24)
    at Object.<anonymous> (H:\NodeJS\FundooNotes\fundooNotes\src\/index.js:37:5)
    at Module._compile (node:internal/modules/cjs/loader:1103:14)
    at Module._compile (H:\NodeJS\FundooNotes\fundooNotes\node_modules\pirates\lib\index.js:136:24)
    at Module._extensions..js (node:internal/modules/cjs/loader:1157:10)
    at Object.newLoader [as .js] (H:\NodeJS\FundooNotes\fundooNotes\node_modules\pirates\lib\index.js:141:7)
    at Module.load (node:internal/modules/cjs/loader:981:32)
    at Function.Module._load (node:internal/modules/cjs/loader:822:12)
    at Function.executeUserEntryPoint [as runMain] (node:internal/modules/run_main:77:12)
    at Object.<anonymous> (H:\NodeJS\FundooNotes\fundooNotes\node_modules\@babel\node\lib\_babel-node.js:176:21)
    at Module._compile (node:internal/modules/cjs/loader:1103:14)
    at Object.Module._extensions..js (node:internal/modules/cjs/loader:1157:10)
    at Module.load (node:internal/modules/cjs/loader:981:32) {"date":"Mon Jun 27 2022 13:50:59 GMT+0530 (India Standard Time)","error":{"address":"::","code":"EADDRINUSE","errno":-4091,"port":5000,"syscall":"listen"},"exception":true,"os":{"loadavg":[0,0,0],"uptime":689914},"process":{"argv":["node","H:\\NodeJS\\FundooNotes\\fundooNotes\\src\\index.js"],"cwd":"H:\\NodeJS\\FundooNotes\\fundooNotes","execPath":"C:\\Program Files\\nodejs\\node.exe","gid":null,"memoryUsage":{"arrayBuffers":18620494,"external":30763487,"heapTotal":77598720,"heapUsed":46033136,"rss":111190016},"pid":4892,"uid":null,"version":"v16.14.2"},"stack":"Error: listen EADDRINUSE: address already in use :::5000\n    at Server.setupListenHandle [as _listen2] (node:net:1330:16)\n    at listenInCluster (node:net:1378:12)\n    at Server.listen (node:net:1465:7)\n    at Function.listen (H:\\NodeJS\\FundooNotes\\fundooNotes\\node_modules\\express\\lib\\application.js:635:24)\n    at Object.<anonymous> (H:\\NodeJS\\FundooNotes\\fundooNotes\\src\\/index.js:37:5)\n    at Module._compile (node:internal/modules/cjs/loader:1103:14)\n    at Module._compile (H:\\NodeJS\\FundooNotes\\fundooNotes\\node_modules\\pirates\\lib\\index.js:136:24)\n    at Module._extensions..js (node:internal/modules/cjs/loader:1157:10)\n    at Object.newLoader [as .js] (H:\\NodeJS\\FundooNotes\\fundooNotes\\node_modules\\pirates\\lib\\index.js:141:7)\n    at Module.load (node:internal/modules/cjs/loader:981:32)\n    at Function.Module._load (node:internal/modules/cjs/loader:822:12)\n    at Function.executeUserEntryPoint [as runMain] (node:internal/modules/run_main:77:12)\n    at Object.<anonymous> (H:\\NodeJS\\FundooNotes\\fundooNotes\\node_modules\\@babel\\node\\lib\\_babel-node.js:176:21)\n    at Module._compile (node:internal/modules/cjs/loader:1103:14)\n    at Object.Module._extensions..js (node:internal/modules/cjs/loader:1157:10)\n    at Module.load (node:internal/modules/cjs/loader:981:32)","timestamp":"2022-06-27T08:20:59.300Z","trace":[{"column":16,"file":"node:net","function":"Server.setupListenHandle [as _listen2]","line":1330,"method":"setupListenHandle [as _listen2]","native":false},{"column":12,"file":"node:net","function":"listenInCluster","line":1378,"method":null,"native":false},{"column":7,"file":"node:net","function":"Server.listen","line":1465,"method":"listen","native":false},{"column":24,"file":"H:\\NodeJS\\FundooNotes\\fundooNotes\\node_modules\\express\\lib\\application.js","function":"Function.listen","line":635,"method":"listen","native":false},{"column":5,"file":"H:\\NodeJS\\FundooNotes\\fundooNotes\\src\\/index.js","function":null,"line":37,"method":null,"native":false},{"column":14,"file":"node:internal/modules/cjs/loader","function":"Module._compile","line":1103,"method":"_compile","native":false},{"column":24,"file":"H:\\NodeJS\\FundooNotes\\fundooNotes\\node_modules\\pirates\\lib\\index.js","function":"Module._compile","line":136,"method":"_compile","native":false},{"column":10,"file":"node:internal/modules/cjs/loader","function":"Module._extensions..js","line":1157,"method":".js","native":false},{"column":7,"file":"H:\\NodeJS\\FundooNotes\\fundooNotes\\node_modules\\pirates\\lib\\index.js","function":"Object.newLoader [as .js]","line":141,"method":"js]","native":false},{"column":32,"file":"node:internal/modules/cjs/loader","function":"Module.load","line":981,"method":"load","native":false},{"column":12,"file":"node:internal/modules/cjs/loader","function":"Module._load","line":822,"method":"_load","native":false},{"column":12,"file":"node:internal/modules/run_main","function":"Function.executeUserEntryPoint [as runMain]","line":77,"method":"executeUserEntryPoint [as runMain]","native":false},{"column":21,"file":"H:\\NodeJS\\FundooNotes\\fundooNotes\\node_modules\\@babel\\node\\lib\\_babel-node.js","function":null,"line":176,"method":null,"native":false},{"column":14,"file":"node:internal/modules/cjs/loader","function":"Module._compile","line":1103,"method":"_compile","native":false},{"column":10,"file":"node:internal/modules/cjs/loader","function":"Module._extensions..js","line":1157,"method":".js","native":false},{"column":32,"file":"node:internal/modules/cjs/loader","function":"Module.load","line":981,"method":"load","native":false}]}
error: 
    status - 500 
    message - ValidationError: "firstname" is required 
    url - /api/v1/Users 
    method - POST 
    IP - ::1
   {"timestamp":"2022-06-27T08:55:46.020Z"}
error: 
    status - 500 
    message - ValidationError: "firstname" is required 
    url - /api/v1/login/login 
    method - POST 
    IP - ::1
   {"timestamp":"2022-06-27T08:57:42.833Z"}
error: 
    status - 500 
    message - ValidationError: "firstname" is required 
    url - /api/v1/Login 
    method - POST 
    IP - ::1
   {"timestamp":"2022-06-27T09:10:24.876Z"}
error: 
    status - 500 
    message - ValidationError: "firstname" is required 
    url - /api/v1/Users/login 
    method - POST 
    IP - ::1
   {"timestamp":"2022-06-27T09:29:05.697Z"}
error: 
    status - 500 
    message - ValidationError: "firstname" is required 
    url - /api/v1/Users/login 
    method - POST 
    IP - ::1
   {"timestamp":"2022-06-27T09:30:46.563Z"}
error: 
    status - 500 
    message - ValidationError: "firstname" is required 
    url - /api/v1/Users/login 
    method - POST 
    IP - ::1
   {"timestamp":"2022-06-27T09:33:47.857Z"}
error: 
    status - 500 
    message - ValidationError: "lastname" is required 
    url - /api/v1/Users/login 
    method - POST 
    IP - ::1
   {"timestamp":"2022-06-27T09:35:23.732Z"}
error: 
    status - 500 
    message - ValidationError: "firstname" is required 
    url - /api/v1/Users/login 
    method - POST 
    IP - ::1
   {"timestamp":"2022-06-27T09:40:46.306Z"}
