info: ::1 - - [27/Jun/2022:08:31:18 +0000] "POST /api/v1/Users HTTP/1.1" 201 324 "-" "PostmanRuntime/7.29.0"

info: ::1 - - [27/Jun/2022:08:47:43 +0000] "POST /api/v1/Users/registration HTTP/1.1" 404 47 "-" "PostmanRuntime/7.29.0"

info: ::1 - - [27/Jun/2022:08:47:59 +0000] "POST /api/v1/Users HTTP/1.1" 201 322 "-" "PostmanRuntime/7.29.0"

info: ::1 - - [27/Jun/2022:08:50:02 +0000] "POST /api/v1/Users HTTP/1.1" 201 321 "-" "PostmanRuntime/7.29.0"

info: ::1 - - [27/Jun/2022:08:55:46 +0000] "POST /api/v1/Users HTTP/1.1" 500 60 "-" "PostmanRuntime/7.29.0"

info: ::1 - - [27/Jun/2022:08:56:19 +0000] "POST /api/v1/Users/login HTTP/1.1" 404 47 "-" "PostmanRuntime/7.29.0"

info: ::1 - - [27/Jun/2022:08:57:28 +0000] "POST /api/v1/login HTTP/1.1" 404 47 "-" "PostmanRuntime/7.29.0"

info: ::1 - - [27/Jun/2022:08:57:42 +0000] "POST /api/v1/login/login HTTP/1.1" 500 60 "-" "PostmanRuntime/7.29.0"

info: ::1 - - [27/Jun/2022:08:57:51 +0000] "GET /api/v1/login/login HTTP/1.1" 404 47 "-" "PostmanRuntime/7.29.0"

info: ::1 - - [27/Jun/2022:09:01:19 +0000] "POST /api/v1/ HTTP/1.1" 404 47 "-" "PostmanRuntime/7.29.0"

info: ::1 - - [27/Jun/2022:09:03:28 +0000] "POST /api/v1/login HTTP/1.1" 404 47 "-" "PostmanRuntime/7.29.0"

info: ::1 - - [27/Jun/2022:09:03:40 +0000] "POST /api/v1 HTTP/1.1" 404 47 "-" "PostmanRuntime/7.29.0"

info: ::1 - - [27/Jun/2022:09:05:09 +0000] "POST /api/v1 HTTP/1.1" 404 47 "-" "PostmanRuntime/7.29.0"

info: ::1 - - [27/Jun/2022:09:10:24 +0000] "POST /api/v1/Login HTTP/1.1" 500 60 "-" "PostmanRuntime/7.29.0"

info: ::1 - - [27/Jun/2022:09:28:50 +0000] "POST /api/v1/login HTTP/1.1" 404 47 "-" "PostmanRuntime/7.29.0"

info: ::1 - - [27/Jun/2022:09:29:05 +0000] "POST /api/v1/Users/login HTTP/1.1" 500 60 "-" "PostmanRuntime/7.29.0"

info: ::1 - - [27/Jun/2022:09:30:46 +0000] "POST /api/v1/Users/login HTTP/1.1" 500 60 "-" "PostmanRuntime/7.29.0"

info: ::1 - - [27/Jun/2022:09:33:47 +0000] "POST /api/v1/Users/login HTTP/1.1" 500 60 "-" "PostmanRuntime/7.29.0"

info: ::1 - - [27/Jun/2022:09:35:23 +0000] "POST /api/v1/Users/login HTTP/1.1" 500 59 "-" "PostmanRuntime/7.29.0"

info: ::1 - - [27/Jun/2022:09:36:52 +0000] "POST /api/v1/Users/login HTTP/1.1" 400 59 "-" "PostmanRuntime/7.29.0"

info: ::1 - - [27/Jun/2022:09:39:21 +0000] "POST /api/v1/Users/login HTTP/1.1" 400 59 "-" "PostmanRuntime/7.29.0"

info: ::1 - - [27/Jun/2022:09:39:50 +0000] "POST /api/v1/Users/login HTTP/1.1" 400 64 "-" "PostmanRuntime/7.29.0"

info: ::1 - - [27/Jun/2022:09:40:46 +0000] "POST /api/v1/Users/login HTTP/1.1" 500 60 "-" "PostmanRuntime/7.29.0"

info: ::1 - - [27/Jun/2022:09:41:03 +0000] "POST /api/v1/Users/login HTTP/1.1" 400 64 "-" "PostmanRuntime/7.29.0"

info: ::1 - - [27/Jun/2022:09:50:07 +0000] "POST /api/v1//Users/login HTTP/1.1" 400 64 "-" "PostmanRuntime/7.29.0"

info: ::1 - - [27/Jun/2022:09:50:24 +0000] "POST /api/v1/login HTTP/1.1" 404 47 "-" "PostmanRuntime/7.29.0"

info: ::1 - - [27/Jun/2022:09:50:40 +0000] "POST /api/v1/Users/login HTTP/1.1" 400 67 "-" "PostmanRuntime/7.29.0"

info: ::1 - - [27/Jun/2022:09:50:52 +0000] "POST /api/v1/Users/login HTTP/1.1" 400 64 "-" "PostmanRuntime/7.29.0"

info: ::1 - - [27/Jun/2022:09:58:09 +0000] "POST /api/v1/Users/registration HTTP/1.1" 400 87 "-" "PostmanRuntime/7.29.0"

info: ::1 - - [27/Jun/2022:09:58:35 +0000] "POST /api/v1/Users/registration HTTP/1.1" 201 329 "-" "PostmanRuntime/7.29.0"

info: ::1 - - [27/Jun/2022:09:59:40 +0000] "POST /api/v1/Users/login HTTP/1.1" 400 64 "-" "PostmanRuntime/7.29.0"

info: ::1 - - [27/Jun/2022:10:00:51 +0000] "POST /api/v1/Users/login HTTP/1.1" 400 87 "-" "PostmanRuntime/7.29.0"

info: ::1 - - [27/Jun/2022:10:01:13 +0000] "POST /api/v1/Users/login HTTP/1.1" 400 64 "-" "PostmanRuntime/7.29.0"

info: ::1 - - [27/Jun/2022:10:03:49 +0000] "POST /api/v1/Users/login HTTP/1.1" 400 67 "-" "PostmanRuntime/7.29.0"

info: ::1 - - [27/Jun/2022:11:20:32 +0000] "GET /api/v1/Users/login HTTP/1.1" 400 67 "-" "PostmanRuntime/7.29.0"

info: ::1 - - [27/Jun/2022:11:22:14 +0000] "GET /api/v1/Users/login HTTP/1.1" 400 64 "-" "PostmanRuntime/7.29.0"

info: ::1 - - [27/Jun/2022:11:30:25 +0000] "POST /api/v1/Users/login HTTP/1.1" 400 64 "-" "PostmanRuntime/7.29.0"

info: ::1 - - [27/Jun/2022:11:36:59 +0000] "POST /api/v1/Users/login HTTP/1.1" 400 67 "-" "PostmanRuntime/7.29.0"

info: ::1 - - [27/Jun/2022:11:39:01 +0000] "POST /api/v1/Users/login HTTP/1.1" 400 67 "-" "PostmanRuntime/7.29.0"

info: ::1 - - [27/Jun/2022:11:39:57 +0000] "POST /api/v1/Users/login HTTP/1.1" 400 64 "-" "PostmanRuntime/7.29.0"

info: ::1 - - [27/Jun/2022:11:43:23 +0000] "POST /api/v1/Users/login HTTP/1.1" 400 64 "-" "PostmanRuntime/7.29.0"

info: ::1 - - [27/Jun/2022:11:46:23 +0000] "POST /api/v1/Users/login HTTP/1.1" 400 64 "-" "PostmanRuntime/7.29.0"

info: ::1 - - [27/Jun/2022:11:47:38 +0000] "POST /api/v1/Users/login HTTP/1.1" 200 324 "-" "PostmanRuntime/7.29.0"

info: ::1 - - [27/Jun/2022:11:57:03 +0000] "POST /api/v1/Users/login HTTP/1.1" 400 50 "-" "PostmanRuntime/7.29.0"

info: ::1 - - [27/Jun/2022:12:11:28 +0000] "POST /api/v1/Users/registration HTTP/1.1" 400 87 "-" "PostmanRuntime/7.29.0"

info: ::1 - - [27/Jun/2022:12:11:55 +0000] "POST /api/v1/Users/registration HTTP/1.1" 201 331 "-" "PostmanRuntime/7.29.0"

info: ::1 - - [27/Jun/2022:12:16:20 +0000] "POST /api/v1/Users/login HTTP/1.1" 200 326 "-" "PostmanRuntime/7.29.0"

info: ::1 - - [27/Jun/2022:12:16:30 +0000] "POST /api/v1/Users/login HTTP/1.1" 400 50 "-" "PostmanRuntime/7.29.0"

info: ::1 - - [27/Jun/2022:12:16:52 +0000] "POST /api/v1/Users/login HTTP/1.1" 400 47 "-" "PostmanRuntime/7.29.0"

info: ::1 - - [27/Jun/2022:12:17:04 +0000] "POST /api/v1/Users/login HTTP/1.1" 400 47 "-" "PostmanRuntime/7.29.0"

info: ::1 - - [27/Jun/2022:12:27:35 +0000] "POST /api/v1/Users/login HTTP/1.1" 400 60 "-" "PostmanRuntime/7.29.0"

info: ::1 - - [27/Jun/2022:12:27:51 +0000] "POST /api/v1/Users/login HTTP/1.1" 200 326 "-" "PostmanRuntime/7.29.0"

info: ::1 - - [27/Jun/2022:16:16:12 +0000] "POST /api/v1/Users/login HTTP/1.1" 200 198 "-" "PostmanRuntime/7.29.0"

info: ::1 - - [27/Jun/2022:16:17:09 +0000] "POST /api/v1/Users/login HTTP/1.1" 400 60 "-" "PostmanRuntime/7.29.0"

info: ::1 - - [27/Jun/2022:16:18:03 +0000] "POST /api/v1/Users/login HTTP/1.1" 400 60 "-" "PostmanRuntime/7.29.0"

info: ::1 - - [27/Jun/2022:16:18:16 +0000] "POST /api/v1/Users/login HTTP/1.1" 400 64 "-" "PostmanRuntime/7.29.0"

info: ::1 - - [27/Jun/2022:16:23:53 +0000] "POST /api/v1/Users/login HTTP/1.1" 400 64 "-" "PostmanRuntime/7.29.0"

info: ::1 - - [27/Jun/2022:16:26:28 +0000] "POST /api/v1/Users/login HTTP/1.1" 200 198 "-" "PostmanRuntime/7.29.0"

info: ::1 - - [27/Jun/2022:16:31:24 +0000] "POST /api/v1/Users/login HTTP/1.1" 200 198 "-" "PostmanRuntime/7.29.0"

info: ::1 - - [27/Jun/2022:16:32:01 +0000] "POST /api/v1/Users/login HTTP/1.1" 400 47 "-" "PostmanRuntime/7.29.0"

info: ::1 - - [27/Jun/2022:16:32:29 +0000] "POST /api/v1/Users/login HTTP/1.1" 200 198 "-" "PostmanRuntime/7.29.0"

info: ::1 - - [27/Jun/2022:16:32:49 +0000] "POST /api/v1/Users/login HTTP/1.1" 200 198 "-" "PostmanRuntime/7.29.0"

info: ::1 - - [27/Jun/2022:16:33:01 +0000] "POST /api/v1/Users/login HTTP/1.1" 200 198 "-" "PostmanRuntime/7.29.0"

