info: Server started at http://localhost:5000/api/v1/ {"timestamp":"2022-06-27T08:20:11.943Z"}
info: Connected to the database. {"timestamp":"2022-06-27T08:20:12.039Z"}
info: Connected to the database. {"timestamp":"2022-06-27T08:20:12.249Z"}
info: Connected to the database. {"timestamp":"2022-06-27T08:20:20.235Z"}
info: Connected to the database. {"timestamp":"2022-06-27T08:20:38.862Z"}
info: Connected to the database. {"timestamp":"2022-06-27T08:20:46.497Z"}
info: Connected to the database. {"timestamp":"2022-06-27T08:20:59.425Z"}
info: Server started at http://localhost:3000/api/v1/ {"timestamp":"2022-06-27T08:22:10.269Z"}
info: Connected to the database. {"timestamp":"2022-06-27T08:22:10.325Z"}
error: 
    status - 500 
    message - ValidationError: "firstname" is required 
    url - /api/v1/Users 
    method - POST 
    IP - ::1
   {"timestamp":"2022-06-27T08:55:46.020Z"}
info: Server started at http://localhost:3000/api/v1/ {"timestamp":"2022-06-27T08:57:09.415Z"}
info: Connected to the database. {"timestamp":"2022-06-27T08:57:09.476Z"}
error: 
    status - 500 
    message - ValidationError: "firstname" is required 
    url - /api/v1/login/login 
    method - POST 
    IP - ::1
   {"timestamp":"2022-06-27T08:57:42.833Z"}
info: Server started at http://localhost:3000/api/v1/ {"timestamp":"2022-06-27T08:59:18.964Z"}
info: Connected to the database. {"timestamp":"2022-06-27T08:59:19.024Z"}
info: Server started at http://localhost:3000/api/v1/ {"timestamp":"2022-06-27T09:02:49.729Z"}
info: Connected to the database. {"timestamp":"2022-06-27T09:02:49.788Z"}
info: Server started at http://localhost:3000/api/v1/ {"timestamp":"2022-06-27T09:07:37.573Z"}
info: Connected to the database. {"timestamp":"2022-06-27T09:07:37.629Z"}
error: 
    status - 500 
    message - ValidationError: "firstname" is required 
    url - /api/v1/Login 
    method - POST 
    IP - ::1
   {"timestamp":"2022-06-27T09:10:24.876Z"}
info: Server started at http://localhost:3000/api/v1/ {"timestamp":"2022-06-27T09:27:59.197Z"}
info: Connected to the database. {"timestamp":"2022-06-27T09:27:59.292Z"}
error: 
    status - 500 
    message - ValidationError: "firstname" is required 
    url - /api/v1/Users/login 
    method - POST 
    IP - ::1
   {"timestamp":"2022-06-27T09:29:05.697Z"}
error: 
    status - 500 
    message - ValidationError: "firstname" is required 
    url - /api/v1/Users/login 
    method - POST 
    IP - ::1
   {"timestamp":"2022-06-27T09:30:46.563Z"}
error: 
    status - 500 
    message - ValidationError: "firstname" is required 
    url - /api/v1/Users/login 
    method - POST 
    IP - ::1
   {"timestamp":"2022-06-27T09:33:47.857Z"}
error: 
    status - 500 
    message - ValidationError: "lastname" is required 
    url - /api/v1/Users/login 
    method - POST 
    IP - ::1
   {"timestamp":"2022-06-27T09:35:23.732Z"}
info: Server started at http://localhost:3000/api/v1/ {"timestamp":"2022-06-27T09:39:42.214Z"}
info: Connected to the database. {"timestamp":"2022-06-27T09:39:42.276Z"}
error: 
    status - 500 
    message - ValidationError: "firstname" is required 
    url - /api/v1/Users/login 
    method - POST 
    IP - ::1
   {"timestamp":"2022-06-27T09:40:46.306Z"}
info: Server started at http://localhost:3000/api/v1/ {"timestamp":"2022-06-27T09:49:42.848Z"}
info: Connected to the database. {"timestamp":"2022-06-27T09:49:42.909Z"}
info: Server started at http://localhost:3000/api/v1/ {"timestamp":"2022-06-27T09:56:47.640Z"}
info: Connected to the database. {"timestamp":"2022-06-27T09:56:47.705Z"}
info: Server started at http://localhost:3000/api/v1/ {"timestamp":"2022-06-27T11:20:13.261Z"}
info: Connected to the database. {"timestamp":"2022-06-27T11:20:13.311Z"}
info: Server started at http://localhost:3000/api/v1/ {"timestamp":"2022-06-27T11:28:51.446Z"}
info: Connected to the database. {"timestamp":"2022-06-27T11:28:51.509Z"}
info: Server started at http://localhost:3000/api/v1/ {"timestamp":"2022-06-27T11:39:43.929Z"}
info: Connected to the database. {"timestamp":"2022-06-27T11:39:44.000Z"}
info: Server started at http://localhost:3000/api/v1/ {"timestamp":"2022-06-27T11:43:15.095Z"}
info: Connected to the database. {"timestamp":"2022-06-27T11:43:15.163Z"}
info: Server started at http://localhost:3000/api/v1/ {"timestamp":"2022-06-27T11:46:03.275Z"}
info: Connected to the database. {"timestamp":"2022-06-27T11:46:03.329Z"}
info: Server started at http://localhost:3000/api/v1/ {"timestamp":"2022-06-27T11:47:33.087Z"}
info: Connected to the database. {"timestamp":"2022-06-27T11:47:33.165Z"}
info: Server started at http://localhost:3000/api/v1/ {"timestamp":"2022-06-27T11:56:31.231Z"}
info: Connected to the database. {"timestamp":"2022-06-27T11:56:31.343Z"}
info: Server started at http://localhost:3000/api/v1/ {"timestamp":"2022-06-27T12:10:29.119Z"}
info: Connected to the database. {"timestamp":"2022-06-27T12:10:29.185Z"}
info: Server started at http://localhost:3000/api/v1/ {"timestamp":"2022-06-27T12:15:54.953Z"}
info: Connected to the database. {"timestamp":"2022-06-27T12:15:55.029Z"}
info: Server started at http://localhost:3000/api/v1/ {"timestamp":"2022-06-27T12:27:24.894Z"}
info: Connected to the database. {"timestamp":"2022-06-27T12:27:24.964Z"}
info: Server started at http://localhost:3000/api/v1/ {"timestamp":"2022-06-27T16:15:40.788Z"}
info: Connected to the database. {"timestamp":"2022-06-27T16:15:40.862Z"}
info: Server started at http://localhost:3000/api/v1/ {"timestamp":"2022-06-27T16:25:24.873Z"}
info: Connected to the database. {"timestamp":"2022-06-27T16:25:24.920Z"}
info: Server started at http://localhost:3000/api/v1/ {"timestamp":"2022-06-27T16:31:13.480Z"}
info: Connected to the database. {"timestamp":"2022-06-27T16:31:13.533Z"}
