info: Server started at http://localhost:3000/api/user_registration/ {"timestamp":"2022-06-24T09:04:17.808Z"}
info: Connected to the database. {"timestamp":"2022-06-24T09:04:17.881Z"}
info: Server started at http://localhost:3000/api/user_registration/ {"timestamp":"2022-06-24T11:15:08.534Z"}
info: Connected to the database. {"timestamp":"2022-06-24T11:15:08.609Z"}
error: 
    status - 500 
    message - ValidationError: "lastname" length must be at least 8 characters long 
    url - /api/user_registration/signup/signup 
    method - POST 
    IP - ::1
   {"timestamp":"2022-06-24T11:16:10.175Z"}
error: 
    status - 500 
    message - ValidationError: "lastname" length must be at least 8 characters long 
    url - /api/user_registration/signup/signup 
    method - POST 
    IP - ::1
   {"timestamp":"2022-06-24T11:18:08.551Z"}
info: Server started at http://localhost:3000/api/user_registration/ {"timestamp":"2022-06-24T11:19:15.304Z"}
info: Connected to the database. {"timestamp":"2022-06-24T11:19:15.363Z"}
info: Server started at http://localhost:3000/api/user_registration/ {"timestamp":"2022-06-24T11:24:43.741Z"}
info: Connected to the database. {"timestamp":"2022-06-24T11:24:43.794Z"}
info: Server started at http://localhost:3000/api/v1/ {"timestamp":"2022-06-24T11:45:19.231Z"}
info: Connected to the database. {"timestamp":"2022-06-24T11:45:19.288Z"}
